C:\Users\Administrator\Desktop\新建文件夹 (2)\escape\escape\Debug\escape.obj
C:\USERS\ADMINISTRATOR\DESKTOP\新建文件夹 (2)\ESCAPE\DEBUG\ESCAPE.ILK
C:\USERS\ADMINISTRATOR\DESKTOP\新建文件夹 (2)\ESCAPE\DEBUG\ESCAPE.EXE
C:\USERS\ADMINISTRATOR\DESKTOP\新建文件夹 (2)\ESCAPE\DEBUG\ESCAPE.PDB
C:\USERS\ADMINISTRATOR\DESKTOP\新建文件夹 (2)\ESCAPE\ESCAPE\DEBUG\ESCAPE.RES
C:\Users\Administrator\Desktop\新建文件夹 (2)\escape\escape\Debug\escape.write.1.tlog
C:\Users\Administrator\Desktop\新建文件夹 (2)\escape\escape\Debug\link-cvtres.read.1.tlog
C:\Users\Administrator\Desktop\新建文件夹 (2)\escape\escape\Debug\link-cvtres.write.1.tlog
C:\Users\Administrator\Desktop\新建文件夹 (2)\escape\escape\Debug\link-rc.read.1.tlog
C:\Users\Administrator\Desktop\新建文件夹 (2)\escape\escape\Debug\link-rc.write.1.tlog
C:\Users\Administrator\Desktop\新建文件夹 (2)\escape\escape\Debug\link.command.1.tlog
C:\Users\Administrator\Desktop\新建文件夹 (2)\escape\escape\Debug\link.read.1.tlog
C:\Users\Administrator\Desktop\新建文件夹 (2)\escape\escape\Debug\link.write.1.tlog
C:\Users\Administrator\Desktop\新建文件夹 (2)\escape\escape\Debug\rc.command.1.tlog
C:\Users\Administrator\Desktop\新建文件夹 (2)\escape\escape\Debug\rc.read.1.tlog
C:\Users\Administrator\Desktop\新建文件夹 (2)\escape\escape\Debug\rc.write.1.tlog
C:\Users\Administrator\Desktop\新建文件夹 (2)\escape\escape\Debug\escape.res
C:\Users\Administrator\Desktop\新建文件夹 (2)\escape\Debug\escape.pdb
C:\Users\Administrator\Desktop\新建文件夹 (2)\escape\Debug\escape.exe
C:\Users\Administrator\Desktop\新建文件夹 (2)\escape\Debug\escape.ilk
